<?xml version="1.0" encoding="UTF-8"?>
<testsuite name="BankStatementTest" tests="1" skipped="0" failures="0" errors="0" timestamp="2020-04-11T02:09:38" hostname="DESKTOP-F1IK1JE" time="0.007">
  <properties/>
  <testcase name="shouldParseOneCorrectLine" classname="BankStatementTest" time="0.007"/>
  <system-out><![CDATA[]]></system-out>
  <system-err><![CDATA[]]></system-err>
</testsuite>
